2.5667 	WARNING 	We strongly recommend you activate the PTB sound engine in PsychoPy prefs as the preferred audio engine. Its timing is vastly superior. Your prefs are currently set to use ['sounddevice', 'PTB', 'pyo', 'pygame'] (in that order).
13.7587 	WARNING 	User requested fullscreen with size [1024  768], but screen is actually [1920, 1080]. Using actual size
15.8369 	EXP 	Created window1 = Window(allowGUI=True, allowStencil=False, autoLog=True, backendConf=UNKNOWN, bitsMode=UNKNOWN, blendMode='avg', bpc=(8, 8, 8), color=array([0, 0, 0]), colorSpace='rgb', depthBits=8, fullscr=<method-wrapper '__getattribute__' of attributeSetter object at 0x000001D00BCFA0D0>, gamma=None, gammaErrorPolicy='raise', lms=UNKNOWN, monitor=<psychopy.monitors.calibTools.Monitor object at 0x000001D00F0FD3D0>, multiSample=False, name='window1', numSamples=2, pos=(0, 0), screen=0, size=array([1920, 1080]), stencilBits=0, stereo=False, units='height', useFBO=True, useRetina=False, viewOri=0.0, viewPos=None, viewScale=None, waitBlanking=True, winType='pyglet')
15.8372 	EXP 	window1: mouseVisible = True
15.8374 	EXP 	window1: mouseVisible = False
15.8375 	EXP 	window1: Attempting to measure frame rate of screen (0) ...
15.8375 	EXP 	window1: recordFrameIntervals = False
16.0017 	EXP 	window1: recordFrameIntervals = True
16.1859 	EXP 	Screen (0) actual frame rate measured at 59.91Hz
16.1860 	EXP 	window1: recordFrameIntervals = False
18.6477 	EXP 	Created fixation = ShapeStim(__class__=<class 'psychopy.visual.shape.ShapeStim'>, anchor=('center', 'center'), autoDraw=False, autoLog=True, closeShape=True, color=method-wrapper(...), colorSpace='rgb', contrast=None, depth=0.0, fillColor=array([1, 1, 1]), fillColorSpace='rgb', fillRGB=array([1, 1, 1]), interpolate=True, lineColor=array([1., 1., 1.]), lineColorSpace='rgb', lineRGB=array([1, 1, 1]), lineWidth=1.0, name='fixation', opacity=1.0, ori=0.0, pos=array([0., 0.]), size=array([0.05, 0.05]), units='height', vertices=ndarray(...), win=Window(...), windingRule=None)
18.7169 	EXP 	Created text = TextStim(__class__=<class 'psychopy.visual.text.TextStim'>, alignHoriz=method-wrapper(...), alignText='center', alignVert=method-wrapper(...), anchorHoriz='center', anchorVert='center', antialias=True, autoDraw=False, autoLog=True, bold=False, color=array([1., 1., 1.]), colorSpace='rgb', contrast=1.0, depth=-1.0, flipHoriz=False, flipVert=False, font='Open Sans', fontFiles=[], height=0.05, italic=False, languageStyle='LTR', name='text', opacity=1.0, ori=0.0, pos=array([0., 0.]), rgb=UNKNOWN, text='', units='height', win=Window(...), wrapWidth=1)
18.7230 	EXP 	Imported C:/Users/debol/Desktop/PsychoPy/discounting.xlsx as conditions, 7 conditions, 3 params
18.7256 	EXP 	Created sequence: random, trialTypes=7, nReps=1, seed=None
18.7258 	EXP 	New trial (rep=0, index=0): {'reward_today': 11, 'future_reward': 30, 'delay': 7}
18.9082 	EXP 	text: height = 0.05
18.9082 	EXP 	text: height = 0.05
18.9082 	EXP 	text: height = 0.05
18.9082 	EXP 	text: text = 'GBP 11 today or  GBP 30 after 7 days'
18.9082 	EXP 	fixation: autoDraw = True
19.7175 	EXP 	text: autoDraw = True
19.9179 	EXP 	fixation: autoDraw = False
23.8572 	EXP 	New trial (rep=0, index=1): {'reward_today': 67, 'future_reward': 75, 'delay': 119}
23.8790 	DATA 	Keypress: l
23.8821 	EXP 	fixation: autoDraw = False
23.8821 	EXP 	text: autoDraw = False
23.8821 	EXP 	text: height = 0.05
23.8821 	EXP 	text: height = 0.05
23.8821 	EXP 	text: height = 0.05
23.8821 	EXP 	text: text = 'GBP 67 today or  GBP 75 after 119 days'
23.8821 	EXP 	fixation: autoDraw = True
24.8672 	EXP 	text: autoDraw = True
24.8842 	EXP 	fixation: autoDraw = False
28.1016 	EXP 	New trial (rep=0, index=2): {'reward_today': 78, 'future_reward': 80, 'delay': 162}
28.1135 	DATA 	Keypress: t
28.1165 	EXP 	fixation: autoDraw = False
28.1165 	EXP 	text: autoDraw = False
28.1165 	EXP 	text: height = 0.05
28.1165 	EXP 	text: height = 0.05
28.1165 	EXP 	text: height = 0.05
28.1165 	EXP 	text: text = 'GBP 78 today or  GBP 80 after 162 days'
28.1165 	EXP 	fixation: autoDraw = True
29.1167 	EXP 	fixation: autoDraw = False
29.1167 	EXP 	text: autoDraw = True
31.7344 	EXP 	New trial (rep=0, index=3): {'reward_today': 40, 'future_reward': 55, 'delay': 62}
31.7448 	DATA 	Keypress: t
31.7497 	EXP 	fixation: autoDraw = False
31.7497 	EXP 	text: autoDraw = False
31.7497 	EXP 	text: height = 0.05
31.7497 	EXP 	text: height = 0.05
31.7497 	EXP 	text: height = 0.05
31.7497 	EXP 	text: text = 'GBP 40 today or  GBP 55 after 62 days'
31.7497 	EXP 	fixation: autoDraw = True
32.7496 	EXP 	fixation: autoDraw = False
32.7496 	EXP 	text: autoDraw = True
36.3003 	EXP 	New trial (rep=0, index=4): {'reward_today': 27, 'future_reward': 50, 'delay': 21}
36.3065 	DATA 	Keypress: t
36.3155 	EXP 	fixation: autoDraw = False
36.3155 	EXP 	text: autoDraw = False
36.3155 	EXP 	text: height = 0.05
36.3155 	EXP 	text: height = 0.05
36.3155 	EXP 	text: height = 0.05
36.3155 	EXP 	text: text = 'GBP 27 today or  GBP 50 after 21 days'
36.3155 	EXP 	fixation: autoDraw = True
37.3158 	EXP 	fixation: autoDraw = False
37.3158 	EXP 	text: autoDraw = True
40.0840 	EXP 	New trial (rep=0, index=5): {'reward_today': 49, 'future_reward': 60, 'delay': 89}
40.0927 	DATA 	Keypress: l
40.0983 	EXP 	fixation: autoDraw = False
40.0983 	EXP 	text: autoDraw = False
40.0983 	EXP 	text: height = 0.05
40.0983 	EXP 	text: height = 0.05
40.0983 	EXP 	text: height = 0.05
40.0983 	EXP 	text: text = 'GBP 49 today or  GBP 60 after 89 days'
40.0983 	EXP 	fixation: autoDraw = True
41.0984 	EXP 	fixation: autoDraw = False
41.0984 	EXP 	text: autoDraw = True
46.1491 	EXP 	New trial (rep=0, index=6): {'reward_today': 15, 'future_reward': 35, 'delay': 13}
46.1555 	DATA 	Keypress: t
46.1644 	EXP 	fixation: autoDraw = False
46.1644 	EXP 	text: autoDraw = False
46.1644 	EXP 	text: height = 0.05
46.1644 	EXP 	text: height = 0.05
46.1644 	EXP 	text: height = 0.05
46.1644 	EXP 	text: text = 'GBP 15 today or  GBP 35 after 13 days'
46.1644 	EXP 	fixation: autoDraw = True
47.1643 	EXP 	fixation: autoDraw = False
47.1643 	EXP 	text: autoDraw = True
50.1659 	DATA 	Keypress: l
50.1805 	EXP 	fixation: autoDraw = False
50.1805 	EXP 	text: autoDraw = False
50.3541 	EXP 	window1: mouseVisible = True
